<?xml version="1.0" encoding="UTF-8"?>
<testng-results skipped="0" failed="1" ignored="0" total="1" passed="0">
  <reporter-output>
  </reporter-output>
  <suite name="Suite" duration-ms="44546" started-at="2018-10-20T16:11:13Z" finished-at="2018-10-20T16:11:58Z">
    <groups>
    </groups>
    <test name="Test" duration-ms="44546" started-at="2018-10-20T16:11:13Z" finished-at="2018-10-20T16:11:58Z">
      <class name="com.selenium.test.Test01">
        <test-method status="PASS" signature="getDriver()[pri:0, instance:com.selenium.test.Test01@12050f6]" name="getDriver" is-config="true" duration-ms="6283" started-at="2018-10-20T13:11:13Z" finished-at="2018-10-20T13:11:20Z">
          <reporter-output>
          </reporter-output>
        </test-method> <!-- getDriver -->
        <test-method status="FAIL" signature="PrimeraCompra()[pri:0, instance:com.selenium.test.Test01@12050f6]" name="PrimeraCompra" duration-ms="27526" started-at="2018-10-20T13:11:20Z" finished-at="2018-10-20T13:11:47Z">
          <exception class="org.openqa.selenium.TimeoutException">
            <message>
              <![CDATA[Expected condition failed: waiting for visibility of [[ChromeDriver: chrome on XP (a61f5457454b22a9aea6c5ecff25c9b8)] -> xpath: (//div[@class='fbra_radioOption fbra_test_radioOption fbra_dateTimeDeliverySlot__slot fbra_test_dateTimeDeliverySlot__slot'])[5]] (tried for 5 second(s) with 500 milliseconds interval)
Build info: version: '3.11.0', revision: 'e59cfb3', time: '2018-03-11T20:26:55.152Z'
System info: host: 'DESKTOP-6N6V1TO', ip: '192.168.0.26', os.name: 'Windows 10', os.arch: 'x86', os.version: '10.0', java.version: '1.8.0_171'
Driver info: org.openqa.selenium.chrome.ChromeDriver
Capabilities {acceptInsecureCerts: false, acceptSslCerts: false, applicationCacheEnabled: false, browserConnectionEnabled: false, browserName: chrome, chrome: {chromedriverVersion: 2.42.591088 (7b2b2dca23cca0..., userDataDir: C:\Windows\TEMP\scoped_dir5...}, cssSelectorsEnabled: true, databaseEnabled: false, goog:chromeOptions: {debuggerAddress: localhost:50848}, handlesAlerts: true, hasTouchScreen: false, javascriptEnabled: true, locationContextEnabled: true, mobileEmulationEnabled: false, nativeEvents: true, networkConnectionEnabled: false, pageLoadStrategy: normal, platform: XP, platformName: XP, rotatable: false, setWindowRect: true, takesHeapSnapshot: true, takesScreenshot: true, unexpectedAlertBehaviour: , unhandledPromptBehavior: , version: 69.0.3497.100, webStorageEnabled: true}
Session ID: a61f5457454b22a9aea6c5ecff25c9b8]]>
            </message>
            <full-stacktrace>
              <![CDATA[org.openqa.selenium.TimeoutException: Expected condition failed: waiting for visibility of [[ChromeDriver: chrome on XP (a61f5457454b22a9aea6c5ecff25c9b8)] -> xpath: (//div[@class='fbra_radioOption fbra_test_radioOption fbra_dateTimeDeliverySlot__slot fbra_test_dateTimeDeliverySlot__slot'])[5]] (tried for 5 second(s) with 500 milliseconds interval)
Build info: version: '3.11.0', revision: 'e59cfb3', time: '2018-03-11T20:26:55.152Z'
System info: host: 'DESKTOP-6N6V1TO', ip: '192.168.0.26', os.name: 'Windows 10', os.arch: 'x86', os.version: '10.0', java.version: '1.8.0_171'
Driver info: org.openqa.selenium.chrome.ChromeDriver
Capabilities {acceptInsecureCerts: false, acceptSslCerts: false, applicationCacheEnabled: false, browserConnectionEnabled: false, browserName: chrome, chrome: {chromedriverVersion: 2.42.591088 (7b2b2dca23cca0..., userDataDir: C:\Windows\TEMP\scoped_dir5...}, cssSelectorsEnabled: true, databaseEnabled: false, goog:chromeOptions: {debuggerAddress: localhost:50848}, handlesAlerts: true, hasTouchScreen: false, javascriptEnabled: true, locationContextEnabled: true, mobileEmulationEnabled: false, nativeEvents: true, networkConnectionEnabled: false, pageLoadStrategy: normal, platform: XP, platformName: XP, rotatable: false, setWindowRect: true, takesHeapSnapshot: true, takesScreenshot: true, unexpectedAlertBehaviour: , unhandledPromptBehavior: , version: 69.0.3497.100, webStorageEnabled: true}
Session ID: a61f5457454b22a9aea6c5ecff25c9b8
	at org.openqa.selenium.support.ui.WebDriverWait.timeoutException(WebDriverWait.java:81)
	at org.openqa.selenium.support.ui.FluentWait.until(FluentWait.java:271)
	at com.selenium.page.HomeDeliveryPage.clickHomeDelivery(HomeDeliveryPage.java:31)
	at com.selenium.test.Test01.PrimeraCompra(Test01.java:27)
	at sun.reflect.NativeMethodAccessorImpl.invoke0(Native Method)
	at sun.reflect.NativeMethodAccessorImpl.invoke(NativeMethodAccessorImpl.java:62)
	at sun.reflect.DelegatingMethodAccessorImpl.invoke(DelegatingMethodAccessorImpl.java:43)
	at java.lang.reflect.Method.invoke(Method.java:498)
	at org.testng.internal.MethodInvocationHelper.invokeMethod(MethodInvocationHelper.java:108)
	at org.testng.internal.Invoker.invokeMethod(Invoker.java:661)
	at org.testng.internal.Invoker.invokeTestMethod(Invoker.java:869)
	at org.testng.internal.Invoker.invokeTestMethods(Invoker.java:1193)
	at org.testng.internal.TestMethodWorker.invokeTestMethods(TestMethodWorker.java:126)
	at org.testng.internal.TestMethodWorker.run(TestMethodWorker.java:109)
	at org.testng.TestRunner.privateRun(TestRunner.java:744)
	at org.testng.TestRunner.run(TestRunner.java:602)
	at org.testng.SuiteRunner.runTest(SuiteRunner.java:380)
	at org.testng.SuiteRunner.runSequentially(SuiteRunner.java:375)
	at org.testng.SuiteRunner.privateRun(SuiteRunner.java:340)
	at org.testng.SuiteRunner.run(SuiteRunner.java:289)
	at org.testng.SuiteRunnerWorker.runSuite(SuiteRunnerWorker.java:52)
	at org.testng.SuiteRunnerWorker.run(SuiteRunnerWorker.java:86)
	at org.testng.TestNG.runSuitesSequentially(TestNG.java:1301)
	at org.testng.TestNG.runSuitesLocally(TestNG.java:1226)
	at org.testng.TestNG.runSuites(TestNG.java:1144)
	at org.testng.TestNG.run(TestNG.java:1115)
	at org.apache.maven.surefire.testng.TestNGExecutor.run(TestNGExecutor.java:283)
	at org.apache.maven.surefire.testng.TestNGXmlTestSuite.execute(TestNGXmlTestSuite.java:75)
	at org.apache.maven.surefire.testng.TestNGProvider.invoke(TestNGProvider.java:120)
	at org.apache.maven.surefire.booter.ForkedBooter.invokeProviderInSameClassLoader(ForkedBooter.java:383)
	at org.apache.maven.surefire.booter.ForkedBooter.runSuitesInProcess(ForkedBooter.java:344)
	at org.apache.maven.surefire.booter.ForkedBooter.execute(ForkedBooter.java:125)
	at org.apache.maven.surefire.booter.ForkedBooter.main(ForkedBooter.java:417)
]]>
            </full-stacktrace>
          </exception> <!-- org.openqa.selenium.TimeoutException -->
          <reporter-output>
          </reporter-output>
        </test-method> <!-- PrimeraCompra -->
        <test-method status="PASS" signature="teardownTest()[pri:0, instance:com.selenium.test.Test01@12050f6]" name="teardownTest" is-config="true" duration-ms="10711" started-at="2018-10-20T13:11:47Z" finished-at="2018-10-20T13:11:58Z">
          <reporter-output>
          </reporter-output>
        </test-method> <!-- teardownTest -->
      </class> <!-- com.selenium.test.Test01 -->
    </test> <!-- Test -->
  </suite> <!-- Suite -->
</testng-results>
